26-Aug-2025 09:39:56.778 INFO [main] org.apache.catalina.startup.VersionLoggerListener.log Server version name:   Apache Tomcat/11.0.10
26-Aug-2025 09:39:56.784 INFO [main] org.apache.catalina.startup.VersionLoggerListener.log Server built:          Jul 31 2025 16:29:14 UTC
26-Aug-2025 09:39:56.785 INFO [main] org.apache.catalina.startup.VersionLoggerListener.log Server version number: 11.0.10.0
26-Aug-2025 09:39:56.785 INFO [main] org.apache.catalina.startup.VersionLoggerListener.log OS Name:               Windows 11
26-Aug-2025 09:39:56.785 INFO [main] org.apache.catalina.startup.VersionLoggerListener.log OS Version:            10.0
26-Aug-2025 09:39:56.785 INFO [main] org.apache.catalina.startup.VersionLoggerListener.log Architecture:          amd64
26-Aug-2025 09:39:56.785 INFO [main] org.apache.catalina.startup.VersionLoggerListener.log Java Home:             C:\Program Files\Java\jdk-24
26-Aug-2025 09:39:56.785 INFO [main] org.apache.catalina.startup.VersionLoggerListener.log JVM Version:           24.0.1+9-30
26-Aug-2025 09:39:56.785 INFO [main] org.apache.catalina.startup.VersionLoggerListener.log JVM Vendor:            Oracle Corporation
26-Aug-2025 09:39:56.785 INFO [main] org.apache.catalina.startup.VersionLoggerListener.log CATALINA_BASE:         D:\Web Development SpringBoot\Spark4.0\Backend\Servlet\HttpServlet
26-Aug-2025 09:39:56.785 INFO [main] org.apache.catalina.startup.VersionLoggerListener.log CATALINA_HOME:         D:\Web Development SpringBoot\Spark4.0\Backend\apache-tomcat-11.0.10-windows-x64\apache-tomcat-11.0.10
26-Aug-2025 09:39:56.805 INFO [main] org.apache.catalina.startup.VersionLoggerListener.log Command line argument: --add-opens=java.base/java.lang=ALL-UNNAMED
26-Aug-2025 09:39:56.805 INFO [main] org.apache.catalina.startup.VersionLoggerListener.log Command line argument: --add-opens=java.base/java.io=ALL-UNNAMED
26-Aug-2025 09:39:56.805 INFO [main] org.apache.catalina.startup.VersionLoggerListener.log Command line argument: --add-opens=java.base/java.util=ALL-UNNAMED
26-Aug-2025 09:39:56.805 INFO [main] org.apache.catalina.startup.VersionLoggerListener.log Command line argument: --add-opens=java.base/java.util.concurrent=ALL-UNNAMED
26-Aug-2025 09:39:56.805 INFO [main] org.apache.catalina.startup.VersionLoggerListener.log Command line argument: --add-opens=java.rmi/sun.rmi.transport=ALL-UNNAMED
26-Aug-2025 09:39:56.806 INFO [main] org.apache.catalina.startup.VersionLoggerListener.log Command line argument: -Dcatalina.home=D:\Web Development SpringBoot\Spark4.0\Backend\apache-tomcat-11.0.10-windows-x64\apache-tomcat-11.0.10
26-Aug-2025 09:39:56.806 INFO [main] org.apache.catalina.startup.VersionLoggerListener.log Command line argument: -Dcatalina.base=D:\Web Development SpringBoot\Spark4.0\Backend\Servlet\HttpServlet
26-Aug-2025 09:39:56.806 INFO [main] org.apache.catalina.startup.VersionLoggerListener.log Command line argument: -Djava.io.tmpdir=D:\Web Development SpringBoot\Spark4.0\Backend\Servlet\HttpServlet\temp
26-Aug-2025 09:39:56.806 INFO [main] org.apache.catalina.startup.VersionLoggerListener.log Command line argument: -Djava.util.logging.config.file=D:\Web Development SpringBoot\Spark4.0\Backend\Servlet\HttpServlet\conf\logging.properties
26-Aug-2025 09:39:56.806 INFO [main] org.apache.catalina.startup.VersionLoggerListener.log Command line argument: -Djava.util.logging.manager=org.apache.juli.ClassLoaderLogManager
26-Aug-2025 09:39:56.806 INFO [main] org.apache.catalina.startup.VersionLoggerListener.log Command line argument: -javaagent:C:\Program Files\JetBrains\IntelliJ IDEA Community Edition 2025.1.2\lib\idea_rt.jar=58544
26-Aug-2025 09:39:56.806 INFO [main] org.apache.catalina.startup.VersionLoggerListener.log Command line argument: -Dfile.encoding=UTF-8
26-Aug-2025 09:39:56.807 INFO [main] org.apache.catalina.startup.VersionLoggerListener.log Command line argument: -Dsun.stdout.encoding=UTF-8
26-Aug-2025 09:39:56.807 INFO [main] org.apache.catalina.startup.VersionLoggerListener.log Command line argument: -Dsun.stderr.encoding=UTF-8
26-Aug-2025 09:39:57.000 INFO [main] org.apache.catalina.core.AprLifecycleListener.lifecycleEvent Loaded Apache Tomcat Native library [2.0.9] using APR version [1.7.6].
26-Aug-2025 09:39:57.010 INFO [main] org.apache.catalina.core.AprLifecycleListener.initializeSSL OpenSSL successfully initialized [OpenSSL 3.5.0 8 Apr 2025]
26-Aug-2025 09:39:57.444 INFO [main] org.apache.coyote.AbstractProtocol.init Initializing ProtocolHandler ["http-nio-8081"]
26-Aug-2025 09:39:57.469 INFO [main] org.apache.catalina.startup.Catalina.load Server initialization in [962] milliseconds
26-Aug-2025 09:39:57.553 INFO [main] org.apache.catalina.core.StandardService.startInternal Starting service [Catalina]
26-Aug-2025 09:39:57.553 INFO [main] org.apache.catalina.core.StandardEngine.startInternal Starting Servlet engine: [Apache Tomcat/11.0.10]
26-Aug-2025 09:39:57.568 INFO [main] org.apache.catalina.startup.HostConfig.deployDescriptor Deploying deployment descriptor [D:\Web Development SpringBoot\Spark4.0\Backend\Servlet\HttpServlet\conf\Catalina\localhost\HttpServlet.xml]
26-Aug-2025 09:39:58.038 INFO [main] org.apache.jasper.servlet.TldScanner.scanJars At least one JAR was scanned for TLDs yet contained no TLDs. Enable debug logging for this logger for a complete list of JARs that were scanned but no TLDs were found in them. Skipping unneeded JARs during scanning can improve startup time and JSP compilation time.
26-Aug-2025 09:39:58.092 INFO [main] org.apache.catalina.startup.HostConfig.deployDescriptor Deployment of deployment descriptor [D:\Web Development SpringBoot\Spark4.0\Backend\Servlet\HttpServlet\conf\Catalina\localhost\HttpServlet.xml] has finished in [523] ms
26-Aug-2025 09:39:58.096 INFO [main] org.apache.coyote.AbstractProtocol.start Starting ProtocolHandler ["http-nio-8081"]
26-Aug-2025 09:39:58.122 INFO [main] org.apache.catalina.startup.Catalina.start Server startup in [650] milliseconds
26-Aug-2025 09:48:51.372 INFO [Thread-1] org.apache.coyote.AbstractProtocol.pause Pausing ProtocolHandler ["http-nio-8081"]
26-Aug-2025 09:48:51.379 INFO [Thread-1] org.apache.catalina.core.StandardService.stopInternal Stopping service [Catalina]
26-Aug-2025 09:48:51.398 INFO [Thread-1] org.apache.coyote.AbstractProtocol.stop Stopping ProtocolHandler ["http-nio-8081"]
26-Aug-2025 09:48:51.404 INFO [Thread-1] org.apache.coyote.AbstractProtocol.destroy Destroying ProtocolHandler ["http-nio-8081"]
26-Aug-2025 10:23:20.308 INFO [main] org.apache.catalina.startup.VersionLoggerListener.log Server version name:   Apache Tomcat/11.0.10
26-Aug-2025 10:23:20.313 INFO [main] org.apache.catalina.startup.VersionLoggerListener.log Server built:          Jul 31 2025 16:29:14 UTC
26-Aug-2025 10:23:20.314 INFO [main] org.apache.catalina.startup.VersionLoggerListener.log Server version number: 11.0.10.0
26-Aug-2025 10:23:20.314 INFO [main] org.apache.catalina.startup.VersionLoggerListener.log OS Name:               Windows 11
26-Aug-2025 10:23:20.314 INFO [main] org.apache.catalina.startup.VersionLoggerListener.log OS Version:            10.0
26-Aug-2025 10:23:20.314 INFO [main] org.apache.catalina.startup.VersionLoggerListener.log Architecture:          amd64
26-Aug-2025 10:23:20.315 INFO [main] org.apache.catalina.startup.VersionLoggerListener.log Java Home:             C:\Program Files\Java\jdk-24
26-Aug-2025 10:23:20.315 INFO [main] org.apache.catalina.startup.VersionLoggerListener.log JVM Version:           24.0.1+9-30
26-Aug-2025 10:23:20.315 INFO [main] org.apache.catalina.startup.VersionLoggerListener.log JVM Vendor:            Oracle Corporation
26-Aug-2025 10:23:20.315 INFO [main] org.apache.catalina.startup.VersionLoggerListener.log CATALINA_BASE:         D:\Web Development SpringBoot\Spark4.0\Backend\Servlet\HttpServlet
26-Aug-2025 10:23:20.315 INFO [main] org.apache.catalina.startup.VersionLoggerListener.log CATALINA_HOME:         D:\Web Development SpringBoot\Spark4.0\Backend\apache-tomcat-11.0.10-windows-x64\apache-tomcat-11.0.10
26-Aug-2025 10:23:20.331 INFO [main] org.apache.catalina.startup.VersionLoggerListener.log Command line argument: --add-opens=java.base/java.lang=ALL-UNNAMED
26-Aug-2025 10:23:20.332 INFO [main] org.apache.catalina.startup.VersionLoggerListener.log Command line argument: --add-opens=java.base/java.io=ALL-UNNAMED
26-Aug-2025 10:23:20.332 INFO [main] org.apache.catalina.startup.VersionLoggerListener.log Command line argument: --add-opens=java.base/java.util=ALL-UNNAMED
26-Aug-2025 10:23:20.332 INFO [main] org.apache.catalina.startup.VersionLoggerListener.log Command line argument: --add-opens=java.base/java.util.concurrent=ALL-UNNAMED
26-Aug-2025 10:23:20.332 INFO [main] org.apache.catalina.startup.VersionLoggerListener.log Command line argument: --add-opens=java.rmi/sun.rmi.transport=ALL-UNNAMED
26-Aug-2025 10:23:20.332 INFO [main] org.apache.catalina.startup.VersionLoggerListener.log Command line argument: -Dcatalina.home=D:\Web Development SpringBoot\Spark4.0\Backend\apache-tomcat-11.0.10-windows-x64\apache-tomcat-11.0.10
26-Aug-2025 10:23:20.332 INFO [main] org.apache.catalina.startup.VersionLoggerListener.log Command line argument: -Dcatalina.base=D:\Web Development SpringBoot\Spark4.0\Backend\Servlet\HttpServlet
26-Aug-2025 10:23:20.332 INFO [main] org.apache.catalina.startup.VersionLoggerListener.log Command line argument: -Djava.io.tmpdir=D:\Web Development SpringBoot\Spark4.0\Backend\Servlet\HttpServlet\temp
26-Aug-2025 10:23:20.332 INFO [main] org.apache.catalina.startup.VersionLoggerListener.log Command line argument: -Djava.util.logging.config.file=D:\Web Development SpringBoot\Spark4.0\Backend\Servlet\HttpServlet\conf\logging.properties
26-Aug-2025 10:23:20.332 INFO [main] org.apache.catalina.startup.VersionLoggerListener.log Command line argument: -Djava.util.logging.manager=org.apache.juli.ClassLoaderLogManager
26-Aug-2025 10:23:20.332 INFO [main] org.apache.catalina.startup.VersionLoggerListener.log Command line argument: -javaagent:C:\Program Files\JetBrains\IntelliJ IDEA Community Edition 2025.1.2\lib\idea_rt.jar=55885
26-Aug-2025 10:23:20.333 INFO [main] org.apache.catalina.startup.VersionLoggerListener.log Command line argument: -Dfile.encoding=UTF-8
26-Aug-2025 10:23:20.333 INFO [main] org.apache.catalina.startup.VersionLoggerListener.log Command line argument: -Dsun.stdout.encoding=UTF-8
26-Aug-2025 10:23:20.333 INFO [main] org.apache.catalina.startup.VersionLoggerListener.log Command line argument: -Dsun.stderr.encoding=UTF-8
26-Aug-2025 10:23:20.343 INFO [main] org.apache.catalina.core.AprLifecycleListener.lifecycleEvent Loaded Apache Tomcat Native library [2.0.9] using APR version [1.7.6].
26-Aug-2025 10:23:20.368 INFO [main] org.apache.catalina.core.AprLifecycleListener.initializeSSL OpenSSL successfully initialized [OpenSSL 3.5.0 8 Apr 2025]
26-Aug-2025 10:23:20.933 INFO [main] org.apache.coyote.AbstractProtocol.init Initializing ProtocolHandler ["http-nio-8081"]
26-Aug-2025 10:23:20.974 INFO [main] org.apache.catalina.startup.Catalina.load Server initialization in [1145] milliseconds
26-Aug-2025 10:23:21.065 INFO [main] org.apache.catalina.core.StandardService.startInternal Starting service [Catalina]
26-Aug-2025 10:23:21.065 INFO [main] org.apache.catalina.core.StandardEngine.startInternal Starting Servlet engine: [Apache Tomcat/11.0.10]
26-Aug-2025 10:23:21.081 INFO [main] org.apache.catalina.startup.HostConfig.deployDescriptor Deploying deployment descriptor [D:\Web Development SpringBoot\Spark4.0\Backend\Servlet\HttpServlet\conf\Catalina\localhost\HttpServlet.xml]
26-Aug-2025 10:23:21.625 INFO [main] org.apache.jasper.servlet.TldScanner.scanJars At least one JAR was scanned for TLDs yet contained no TLDs. Enable debug logging for this logger for a complete list of JARs that were scanned but no TLDs were found in them. Skipping unneeded JARs during scanning can improve startup time and JSP compilation time.
26-Aug-2025 10:23:21.697 INFO [main] org.apache.catalina.startup.HostConfig.deployDescriptor Deployment of deployment descriptor [D:\Web Development SpringBoot\Spark4.0\Backend\Servlet\HttpServlet\conf\Catalina\localhost\HttpServlet.xml] has finished in [615] ms
26-Aug-2025 10:23:21.704 INFO [main] org.apache.coyote.AbstractProtocol.start Starting ProtocolHandler ["http-nio-8081"]
26-Aug-2025 10:23:21.736 INFO [main] org.apache.catalina.startup.Catalina.start Server startup in [757] milliseconds
26-Aug-2025 10:35:29.605 INFO [Thread-1] org.apache.coyote.AbstractProtocol.pause Pausing ProtocolHandler ["http-nio-8081"]
26-Aug-2025 10:35:29.614 INFO [Thread-1] org.apache.catalina.core.StandardService.stopInternal Stopping service [Catalina]
26-Aug-2025 10:35:29.639 INFO [Thread-1] org.apache.coyote.AbstractProtocol.stop Stopping ProtocolHandler ["http-nio-8081"]
26-Aug-2025 10:35:29.651 INFO [Thread-1] org.apache.coyote.AbstractProtocol.destroy Destroying ProtocolHandler ["http-nio-8081"]
